[17-Jul-2018 12:38:00 UTC] PHP Catchable fatal error:  Object of class stdClass could not be converted to string in Z:\home\localhost\www\fb\tp\index.php on line 42
[17-Jul-2018 12:39:42 UTC] PHP Notice:  Use of undefined constant event - assumed 'event' in Z:\home\localhost\www\fb\tp\index.php on line 46
[17-Jul-2018 12:39:42 UTC] PHP Catchable fatal error:  Object of class stdClass could not be converted to string in Z:\home\localhost\www\fb\tp\index.php on line 46
[17-Jul-2018 12:41:55 UTC] PHP Notice:  Use of undefined constant name - assumed 'name' in Z:\home\localhost\www\fb\tp\index.php on line 45
[17-Jul-2018 12:41:55 UTC] PHP Catchable fatal error:  Object of class stdClass could not be converted to string in Z:\home\localhost\www\fb\tp\index.php on line 45
[17-Jul-2018 12:43:54 UTC] PHP Notice:  Array to string conversion in Z:\home\localhost\www\fb\tp\index.php on line 46
[17-Jul-2018 12:43:55 UTC] PHP Notice:  Array to string conversion in Z:\home\localhost\www\fb\tp\index.php on line 46
[17-Jul-2018 12:44:17 UTC] PHP Catchable fatal error:  Object of class stdClass could not be converted to string in Z:\home\localhost\www\fb\tp\index.php on line 46
[17-Jul-2018 12:44:18 UTC] PHP Catchable fatal error:  Object of class stdClass could not be converted to string in Z:\home\localhost\www\fb\tp\index.php on line 46
[17-Jul-2018 12:54:38 UTC] PHP Notice:  Array to string conversion in Z:\home\localhost\www\fb\tp\index.php on line 52
[17-Jul-2018 12:54:38 UTC] PHP Notice:  Array to string conversion in Z:\home\localhost\www\fb\tp\index.php on line 52
[17-Jul-2018 12:54:38 UTC] PHP Notice:  Array to string conversion in Z:\home\localhost\www\fb\tp\index.php on line 52
[17-Jul-2018 12:54:38 UTC] PHP Notice:  Array to string conversion in Z:\home\localhost\www\fb\tp\index.php on line 52
[17-Jul-2018 12:55:33 UTC] PHP Notice:  Array to string conversion in Z:\home\localhost\www\fb\tp\index.php on line 52
[17-Jul-2018 12:55:33 UTC] PHP Notice:  Array to string conversion in Z:\home\localhost\www\fb\tp\index.php on line 52
[17-Jul-2018 12:55:33 UTC] PHP Notice:  Array to string conversion in Z:\home\localhost\www\fb\tp\index.php on line 52
[17-Jul-2018 12:55:33 UTC] PHP Notice:  Array to string conversion in Z:\home\localhost\www\fb\tp\index.php on line 52
[17-Jul-2018 12:55:34 UTC] PHP Notice:  Array to string conversion in Z:\home\localhost\www\fb\tp\index.php on line 52
[17-Jul-2018 12:55:34 UTC] PHP Notice:  Array to string conversion in Z:\home\localhost\www\fb\tp\index.php on line 52
[17-Jul-2018 12:55:34 UTC] PHP Notice:  Array to string conversion in Z:\home\localhost\www\fb\tp\index.php on line 52
[17-Jul-2018 12:55:34 UTC] PHP Notice:  Array to string conversion in Z:\home\localhost\www\fb\tp\index.php on line 52
[17-Jul-2018 13:00:44 UTC] PHP Notice:  Array to string conversion in Z:\home\localhost\www\fb\tp\index.php on line 52
[17-Jul-2018 13:00:44 UTC] PHP Notice:  Array to string conversion in Z:\home\localhost\www\fb\tp\index.php on line 52
[17-Jul-2018 13:00:44 UTC] PHP Notice:  Array to string conversion in Z:\home\localhost\www\fb\tp\index.php on line 52
[17-Jul-2018 13:00:44 UTC] PHP Notice:  Array to string conversion in Z:\home\localhost\www\fb\tp\index.php on line 52
[17-Jul-2018 13:00:45 UTC] PHP Notice:  Array to string conversion in Z:\home\localhost\www\fb\tp\index.php on line 52
[17-Jul-2018 13:00:45 UTC] PHP Notice:  Array to string conversion in Z:\home\localhost\www\fb\tp\index.php on line 52
[17-Jul-2018 13:00:45 UTC] PHP Notice:  Array to string conversion in Z:\home\localhost\www\fb\tp\index.php on line 52
[17-Jul-2018 13:00:45 UTC] PHP Notice:  Array to string conversion in Z:\home\localhost\www\fb\tp\index.php on line 52
[17-Jul-2018 13:46:56 UTC] PHP Warning:  file_get_contents(./data/1234.json): failed to open stream: No such file or directory in Z:\home\localhost\www\fb\tp\index.php on line 43
[17-Jul-2018 13:46:56 UTC] PHP Warning:  Variable passed to each() is not an array or object in Z:\home\localhost\www\fb\tp\index.php on line 48
[17-Jul-2018 13:48:20 UTC] PHP Parse error:  syntax error, unexpected 'isset' (T_ISSET) in Z:\home\localhost\www\fb\tp\index.php on line 14
[17-Jul-2018 13:48:21 UTC] PHP Parse error:  syntax error, unexpected 'isset' (T_ISSET) in Z:\home\localhost\www\fb\tp\index.php on line 14
[17-Jul-2018 13:48:53 UTC] PHP Warning:  file_get_contents(./data/1234.json): failed to open stream: No such file or directory in Z:\home\localhost\www\fb\tp\index.php on line 48
[17-Jul-2018 13:48:53 UTC] PHP Warning:  Variable passed to each() is not an array or object in Z:\home\localhost\www\fb\tp\index.php on line 53
[17-Jul-2018 13:48:54 UTC] PHP Warning:  file_get_contents(./data/1234.json): failed to open stream: No such file or directory in Z:\home\localhost\www\fb\tp\index.php on line 48
[17-Jul-2018 13:48:54 UTC] PHP Warning:  Variable passed to each() is not an array or object in Z:\home\localhost\www\fb\tp\index.php on line 53
[17-Jul-2018 13:48:55 UTC] PHP Warning:  file_get_contents(./data/1234.json): failed to open stream: No such file or directory in Z:\home\localhost\www\fb\tp\index.php on line 48
[17-Jul-2018 13:48:55 UTC] PHP Warning:  Variable passed to each() is not an array or object in Z:\home\localhost\www\fb\tp\index.php on line 53
[17-Jul-2018 13:48:55 UTC] PHP Warning:  file_get_contents(./data/1234.json): failed to open stream: No such file or directory in Z:\home\localhost\www\fb\tp\index.php on line 48
[17-Jul-2018 13:48:55 UTC] PHP Warning:  Variable passed to each() is not an array or object in Z:\home\localhost\www\fb\tp\index.php on line 53
[17-Jul-2018 13:49:09 UTC] PHP Warning:  file_get_contents(./data/1234.json): failed to open stream: No such file or directory in Z:\home\localhost\www\fb\tp\index.php on line 48
[17-Jul-2018 13:49:09 UTC] PHP Warning:  Variable passed to each() is not an array or object in Z:\home\localhost\www\fb\tp\index.php on line 53
[17-Jul-2018 13:49:38 UTC] PHP Warning:  file_get_contents(./data/1234.json): failed to open stream: No such file or directory in Z:\home\localhost\www\fb\tp\index.php on line 49
[17-Jul-2018 13:49:38 UTC] PHP Warning:  Variable passed to each() is not an array or object in Z:\home\localhost\www\fb\tp\index.php on line 54
[17-Jul-2018 13:49:39 UTC] PHP Warning:  file_get_contents(./data/1234.json): failed to open stream: No such file or directory in Z:\home\localhost\www\fb\tp\index.php on line 49
[17-Jul-2018 13:49:39 UTC] PHP Warning:  Variable passed to each() is not an array or object in Z:\home\localhost\www\fb\tp\index.php on line 54
[17-Jul-2018 13:49:40 UTC] PHP Warning:  file_get_contents(./data/1234.json): failed to open stream: No such file or directory in Z:\home\localhost\www\fb\tp\index.php on line 49
[17-Jul-2018 13:49:40 UTC] PHP Warning:  Variable passed to each() is not an array or object in Z:\home\localhost\www\fb\tp\index.php on line 54
[17-Jul-2018 13:49:40 UTC] PHP Warning:  file_get_contents(./data/1234.json): failed to open stream: No such file or directory in Z:\home\localhost\www\fb\tp\index.php on line 49
[17-Jul-2018 13:49:40 UTC] PHP Warning:  Variable passed to each() is not an array or object in Z:\home\localhost\www\fb\tp\index.php on line 54
[17-Jul-2018 13:49:41 UTC] PHP Warning:  file_get_contents(./data/1234.json): failed to open stream: No such file or directory in Z:\home\localhost\www\fb\tp\index.php on line 49
[17-Jul-2018 13:49:41 UTC] PHP Warning:  Variable passed to each() is not an array or object in Z:\home\localhost\www\fb\tp\index.php on line 54
[17-Jul-2018 13:50:51 UTC] PHP Parse error:  syntax error, unexpected 'isset' (T_ISSET) in Z:\home\localhost\www\fb\tp\index.php on line 14
[17-Jul-2018 13:50:52 UTC] PHP Parse error:  syntax error, unexpected 'isset' (T_ISSET) in Z:\home\localhost\www\fb\tp\index.php on line 14
[17-Jul-2018 13:51:14 UTC] PHP Parse error:  syntax error, unexpected '{' in Z:\home\localhost\www\fb\tp\index.php on line 14
[17-Jul-2018 13:51:15 UTC] PHP Parse error:  syntax error, unexpected '{' in Z:\home\localhost\www\fb\tp\index.php on line 14
[17-Jul-2018 13:51:30 UTC] PHP Parse error:  syntax error, unexpected 'isset' (T_ISSET) in Z:\home\localhost\www\fb\tp\index.php on line 14
[17-Jul-2018 13:52:53 UTC] PHP Parse error:  syntax error, unexpected 'exit' (T_EXIT), expecting ',' or ';' in Z:\home\localhost\www\fb\tp\index.php on line 16
[17-Jul-2018 13:52:53 UTC] PHP Parse error:  syntax error, unexpected 'exit' (T_EXIT), expecting ',' or ';' in Z:\home\localhost\www\fb\tp\index.php on line 16
[17-Jul-2018 13:53:27 UTC] PHP Notice:  Undefined index: l in Z:\home\localhost\www\fb\tp\index.php on line 48
[17-Jul-2018 13:53:27 UTC] PHP Warning:  file_get_contents(./data/.json): failed to open stream: No such file or directory in Z:\home\localhost\www\fb\tp\index.php on line 49
[17-Jul-2018 13:53:27 UTC] PHP Warning:  Variable passed to each() is not an array or object in Z:\home\localhost\www\fb\tp\index.php on line 54
[17-Jul-2018 13:54:02 UTC] PHP Warning:  file_get_contents(./data/1234.json): failed to open stream: No such file or directory in Z:\home\localhost\www\fb\tp\index.php on line 49
[17-Jul-2018 13:54:02 UTC] PHP Warning:  Variable passed to each() is not an array or object in Z:\home\localhost\www\fb\tp\index.php on line 54
[17-Jul-2018 13:54:23 UTC] PHP Warning:  file_get_contents(./data/1234.json): failed to open stream: No such file or directory in Z:\home\localhost\www\fb\tp\index.php on line 49
[17-Jul-2018 13:54:23 UTC] PHP Warning:  Variable passed to each() is not an array or object in Z:\home\localhost\www\fb\tp\index.php on line 54
[17-Jul-2018 13:55:37 UTC] PHP Notice:  Undefined variable: filename in Z:\home\localhost\www\fb\tp\index.php on line 49
[17-Jul-2018 13:55:38 UTC] PHP Notice:  Undefined variable: filename in Z:\home\localhost\www\fb\tp\index.php on line 49
[17-Jul-2018 13:55:39 UTC] PHP Notice:  Undefined variable: filename in Z:\home\localhost\www\fb\tp\index.php on line 49
[17-Jul-2018 13:55:40 UTC] PHP Notice:  Undefined variable: filename in Z:\home\localhost\www\fb\tp\index.php on line 49
[23-Jul-2018 13:37:24 UTC] PHP Notice:  Undefined variable: val in Z:\home\localhost\www\fb\tp\index.php on line 30
[23-Jul-2018 13:37:24 UTC] PHP Notice:  Trying to get property of non-object in Z:\home\localhost\www\fb\tp\index.php on line 30
[23-Jul-2018 13:37:42 UTC] PHP Notice:  Undefined variable: val in Z:\home\localhost\www\fb\tp\index.php on line 30
[23-Jul-2018 13:37:42 UTC] PHP Notice:  Trying to get property of non-object in Z:\home\localhost\www\fb\tp\index.php on line 30
[23-Jul-2018 13:37:45 UTC] PHP Notice:  Undefined variable: val in Z:\home\localhost\www\fb\tp\index.php on line 30
[23-Jul-2018 13:37:45 UTC] PHP Notice:  Trying to get property of non-object in Z:\home\localhost\www\fb\tp\index.php on line 30
[23-Jul-2018 13:56:28 UTC] PHP Warning:  Variable passed to each() is not an array or object in Z:\home\localhost\www\fb\tp\index.php on line 47
[23-Jul-2018 13:56:34 UTC] PHP Warning:  Variable passed to each() is not an array or object in Z:\home\localhost\www\fb\tp\index.php on line 47
